<?xml version="1.0" encoding="UTF-8"?>
<!-- Generated by org.testng.reporters.JUnitXMLReporter -->
<testsuite ignored="0" hostname="HP_LAPTOP" failures="1" tests="4" name="Test" time="46.645" errors="0" timestamp="2021-11-06T13:02:33 IST">
  <testcase classname="Academy.HomePage" name="basePageNavigation" time="10.32"/>
  <testcase classname="Academy.HomePage" name="basePageNavigation" time="4.967"/>
  <testcase classname="Academy.validateTitle" name="basePageNavigation" time="0.109">
    <failure type="java.lang.IllegalAccessError" message="class Academy.validateTitle (in unnamed module @0x23ceabc1) cannot access class com.sun.tools.sjavac.Log (in module jdk.compiler) because module jdk.compiler does not export com.sun.tools.sjavac to unnamed module @0x23ceabc1">
      <![CDATA[java.lang.IllegalAccessError: class Academy.validateTitle (in unnamed module @0x23ceabc1) cannot access class com.sun.tools.sjavac.Log (in module jdk.compiler) because module jdk.compiler does not export com.sun.tools.sjavac to unnamed module @0x23ceabc1
at Academy.validateTitle.basePageNavigation(validateTitle.java:38)
at java.base/java.util.ArrayList.forEach(ArrayList.java:1511)
... Removed 27 stack frames]]>
    </failure>
  </testcase> <!-- basePageNavigation -->
  <testcase classname="Academy.validateNavigationBar" name="basePageNavigation" time="0.252"/>
</testsuite> <!-- Test -->
